<?xml version="1.0" encoding="UTF-8"?>
<!-- Generated by org.testng.reporters.JUnitReportReporter -->
<testsuite hostname="LAPTOP-6NNFB0MP" failures="0" tests="1" name="testscripts.regression.ValidateLoginUsingDataProviderExcel" time="11.807" errors="0" timestamp="2024-11-23T21:12:59 IST" skipped="0">
  <testcase classname="testscripts.regression.ValidateLoginUsingDataProviderExcel" name="validateLoginTest" time="11.807"/>
</testsuite> <!-- testscripts.regression.ValidateLoginUsingDataProviderExcel -->
