<?xml version="1.0" encoding="UTF-8"?>
<!-- Generated by org.testng.reporters.JUnitReportReporter -->
<testsuite hostname="LAPTOP-6NNFB0MP" failures="0" tests="4" name="testscripts.regression.ValidateLoginUsingDataProvider" time="41.424" errors="0" timestamp="2024-11-12T21:56:36 IST" skipped="0">
  <testcase classname="testscripts.regression.ValidateLoginUsingDataProvider" name="validateLoginTest1" time="9.656"/>
  <testcase classname="testscripts.regression.ValidateLoginUsingDataProvider" name="validateLoginTest1" time="11.897"/>
  <testcase classname="testscripts.regression.ValidateLoginUsingDataProvider" name="validateLoginTest1" time="8.411"/>
  <testcase classname="testscripts.regression.ValidateLoginUsingDataProvider" name="validateLoginTest1" time="11.460"/>
</testsuite> <!-- testscripts.regression.ValidateLoginUsingDataProvider -->
