<?xml version="1.0" encoding="UTF-8"?>
<!-- Generated by org.testng.reporters.JUnitReportReporter -->
<testsuite hostname="LAPTOP-6NNFB0MP" failures="0" tests="4" name="testscripts.regression.ValidateLogin" time="37.692" errors="0" timestamp="2024-11-12T21:35:09 IST" skipped="0">
  <testcase classname="testscripts.regression.ValidateLogin" name="validateLoginTest4" time="9.138"/>
  <testcase classname="testscripts.regression.ValidateLogin" name="validateLoginTest1" time="8.782"/>
  <testcase classname="testscripts.regression.ValidateLogin" name="validateLoginTest2" time="10.709"/>
  <testcase classname="testscripts.regression.ValidateLogin" name="validateLoginTest3" time="9.063"/>
</testsuite> <!-- testscripts.regression.ValidateLogin -->
