<?xml version="1.0" encoding="UTF-8"?>
<!-- Generated by org.testng.reporters.JUnitReportReporter -->
<testsuite hostname="LAPTOP-6NNFB0MP" failures="0" tests="1" name="testscripts.regression.ValidateLoginUsingKeywords" time="7.914" errors="0" timestamp="2024-11-13T23:01:00 IST" skipped="0">
  <testcase classname="testscripts.regression.ValidateLoginUsingKeywords" name="loginTest" time="7.914"/>
</testsuite> <!-- testscripts.regression.ValidateLoginUsingKeywords -->
