<?xml version="1.0" encoding="UTF-8"?>
<!-- Generated by org.testng.reporters.JUnitReportReporter -->
<testsuite hostname="LAPTOP-6NNFB0MP" failures="0" tests="1" name="testscripts.regression.ValidateLoginUsingDataProviderExcel" time="18.235" errors="0" timestamp="2025-02-18T21:24:38 IST" skipped="0">
  <testcase classname="testscripts.regression.ValidateLoginUsingDataProviderExcel" name="validateLoginTest" time="18.235"/>
</testsuite> <!-- testscripts.regression.ValidateLoginUsingDataProviderExcel -->
