<?xml version="1.0" encoding="UTF-8"?>
<!-- Generated by org.testng.reporters.JUnitReportReporter -->
<testsuite hostname="LAPTOP-6NNFB0MP" failures="0" tests="1" name="testscripts.regression.ValidateLoginUsingPOM" time="10.830" errors="0" timestamp="2024-11-14T23:55:50 IST" skipped="0">
  <testcase classname="testscripts.regression.ValidateLoginUsingPOM" name="validateLogin" time="10.830"/>
</testsuite> <!-- testscripts.regression.ValidateLoginUsingPOM -->
