<?xml version="1.0" encoding="UTF-8"?>
<!-- Generated by org.testng.reporters.JUnitReportReporter -->
<testsuite hostname="LAPTOP-6NNFB0MP" failures="0" tests="1" name="testscripts.regression.ValidateLoginUsingPOM2" time="10.719" errors="0" timestamp="2024-11-15T00:17:21 IST" skipped="0">
  <testcase classname="testscripts.regression.ValidateLoginUsingPOM2" name="validateLogin" time="10.719"/>
</testsuite> <!-- testscripts.regression.ValidateLoginUsingPOM2 -->
