<?xml version="1.0" encoding="UTF-8"?>
<!-- Generated by org.testng.reporters.JUnitReportReporter -->
<testsuite hostname="LAPTOP-6NNFB0MP" failures="0" tests="1" name="testscripts.regression.ValidateLoginUsingPOMDataProviderExcel" time="41.057" errors="0" timestamp="2024-11-16T20:52:02 IST" skipped="0">
  <testcase classname="testscripts.regression.ValidateLoginUsingPOMDataProviderExcel" name="validateLoginTest" time="41.057"/>
</testsuite> <!-- testscripts.regression.ValidateLoginUsingPOMDataProviderExcel -->
