<?xml version="1.0" encoding="UTF-8"?>
<!-- Generated by org.testng.reporters.JUnitReportReporter -->
<testsuite hostname="LAPTOP-6NNFB0MP" failures="0" tests="1" name="testscripts.regression.ValidateLoginUsingHybrid" time="10.085" errors="0" timestamp="2024-11-14T20:04:16 IST" skipped="0">
  <testcase classname="testscripts.regression.ValidateLoginUsingHybrid" name="loginTest" time="10.085"/>
</testsuite> <!-- testscripts.regression.ValidateLoginUsingHybrid -->
